portal-app/app/build/intermediates/manifest_merge_blame_file/debug/processDebugMainManifest/manifest-merger-blame-debug-report.txt
1<?xml version="1.0" encoding="utf-8"?>
2<manifest xmlns:android="http://schemas.android.com/apk/res/android"
3    package="com.fridgetracker.app"
4    android:versionCode="1"
5    android:versionName="0.1.0" >
6
7    <uses-sdk
8        android:minSdkVersion="28"
9        android:targetSdkVersion="29" />
10
11    <uses-permission android:name="android.permission.INTERNET" />
11-->src/main/AndroidManifest.xml:4:5-67
11-->src/main/AndroidManifest.xml:4:22-64
12    <uses-permission android:name="android.permission.CAMERA" />
12-->src/main/AndroidManifest.xml:5:5-65
12-->src/main/AndroidManifest.xml:5:22-62
13
14    <uses-feature
14-->src/main/AndroidManifest.xml:6:5-89
15        android:name="android.hardware.camera.any"
15-->src/main/AndroidManifest.xml:6:19-61
16        android:required="false" />
16-->src/main/AndroidManifest.xml:6:62-86
17
18    <permission
18-->[androidx.core:core:1.13.1] AndroidManifest.xml:22:5-24:47
19        android:name="com.fridgetracker.app.DYNAMIC_RECEIVER_NOT_EXPORTED_PERMISSION"
19-->[androidx.core:core:1.13.1] AndroidManifest.xml:23:9-81
20        android:protectionLevel="signature" />
20-->[androidx.core:core:1.13.1] AndroidManifest.xml:24:9-44
21
22    <uses-permission android:name="com.fridgetracker.app.DYNAMIC_RECEIVER_NOT_EXPORTED_PERMISSION" />
22-->[androidx.core:core:1.13.1] AndroidManifest.xml:26:5-97
22-->[androidx.core:core:1.13.1] AndroidManifest.xml:26:22-94
23
24    <application
24-->src/main/AndroidManifest.xml:8:5-27:19
25        android:allowBackup="true"
25-->src/main/AndroidManifest.xml:9:9-35
26        android:appComponentFactory="androidx.core.app.CoreComponentFactory"
26-->[androidx.core:core:1.13.1] AndroidManifest.xml:28:18-86
27        android:debuggable="true"
28        android:extractNativeLibs="false"
29        android:label="Fridge Tracker"
29-->src/main/AndroidManifest.xml:10:9-39
30        android:theme="@style/Theme.FridgeTracker"
30-->src/main/AndroidManifest.xml:11:9-51
31        android:usesCleartextTraffic="false" >
31-->src/main/AndroidManifest.xml:12:9-45
32        <activity
32-->src/main/AndroidManifest.xml:14:9-25:20
33            android:name="com.fridgetracker.app.MainActivity"
33-->src/main/AndroidManifest.xml:15:13-41
34            android:exported="true"
34-->src/main/AndroidManifest.xml:16:13-36
35            android:resizeableActivity="true" >
35-->src/main/AndroidManifest.xml:17:13-46
36            <layout
36-->src/main/AndroidManifest.xml:18:13-20:45
37                android:minHeight="320dp"
37-->src/main/AndroidManifest.xml:20:17-42
38                android:minWidth="400dp" />
38-->src/main/AndroidManifest.xml:19:17-41
39
40            <intent-filter>
40-->src/main/AndroidManifest.xml:21:13-24:29
41                <action android:name="android.intent.action.MAIN" />
41-->src/main/AndroidManifest.xml:22:17-69
41-->src/main/AndroidManifest.xml:22:25-66
42
43                <category android:name="android.intent.category.LAUNCHER" />
43-->src/main/AndroidManifest.xml:23:17-77
43-->src/main/AndroidManifest.xml:23:27-74
44            </intent-filter>
45        </activity>
46
47        <service
47-->[androidx.camera:camera-camera2:1.3.4] AndroidManifest.xml:24:9-33:19
48            android:name="androidx.camera.core.impl.MetadataHolderService"
48-->[androidx.camera:camera-camera2:1.3.4] AndroidManifest.xml:25:13-75
49            android:enabled="false"
49-->[androidx.camera:camera-camera2:1.3.4] AndroidManifest.xml:26:13-36
50            android:exported="false" >
50-->[androidx.camera:camera-camera2:1.3.4] AndroidManifest.xml:27:13-37
51            <meta-data
51-->[androidx.camera:camera-camera2:1.3.4] AndroidManifest.xml:30:13-32:89
52                android:name="androidx.camera.core.impl.MetadataHolderService.DEFAULT_CONFIG_PROVIDER"
52-->[androidx.camera:camera-camera2:1.3.4] AndroidManifest.xml:31:17-103
53                android:value="androidx.camera.camera2.Camera2Config$DefaultProvider" />
53-->[androidx.camera:camera-camera2:1.3.4] AndroidManifest.xml:32:17-86
54        </service>
55
56        <activity
56-->[androidx.compose.ui:ui-tooling-android:1.6.8] AndroidManifest.xml:23:9-25:39
57            android:name="androidx.compose.ui.tooling.PreviewActivity"
57-->[androidx.compose.ui:ui-tooling-android:1.6.8] AndroidManifest.xml:24:13-71
58            android:exported="true" />
58-->[androidx.compose.ui:ui-tooling-android:1.6.8] AndroidManifest.xml:25:13-36
59
60        <provider
60-->[io.github.jan-tennert.supabase:storage-kt-android-debug:2.5.4] AndroidManifest.xml:9:9-17:20
61            android:name="androidx.startup.InitializationProvider"
61-->[io.github.jan-tennert.supabase:storage-kt-android-debug:2.5.4] AndroidManifest.xml:10:13-67
62            android:authorities="com.fridgetracker.app.androidx-startup"
62-->[io.github.jan-tennert.supabase:storage-kt-android-debug:2.5.4] AndroidManifest.xml:11:13-68
63            android:exported="false" >
63-->[io.github.jan-tennert.supabase:storage-kt-android-debug:2.5.4] AndroidManifest.xml:12:13-37
64            <meta-data
64-->[io.github.jan-tennert.supabase:storage-kt-android-debug:2.5.4] AndroidManifest.xml:14:13-16:52
65                android:name="io.github.jan.supabase.storage.SupabaseInitializer"
65-->[io.github.jan-tennert.supabase:storage-kt-android-debug:2.5.4] AndroidManifest.xml:15:17-82
66                android:value="androidx.startup" />
66-->[io.github.jan-tennert.supabase:storage-kt-android-debug:2.5.4] AndroidManifest.xml:16:17-49
67            <meta-data
67-->[io.github.jan-tennert.supabase:gotrue-kt-android-debug:2.5.4] AndroidManifest.xml:14:13-16:52
68                android:name="io.github.jan.supabase.gotrue.SupabaseInitializer"
68-->[io.github.jan-tennert.supabase:gotrue-kt-android-debug:2.5.4] AndroidManifest.xml:15:17-81
69                android:value="androidx.startup" />
69-->[io.github.jan-tennert.supabase:gotrue-kt-android-debug:2.5.4] AndroidManifest.xml:16:17-49
70            <meta-data
70-->[androidx.emoji2:emoji2:1.3.0] AndroidManifest.xml:29:13-31:52
71                android:name="androidx.emoji2.text.EmojiCompatInitializer"
71-->[androidx.emoji2:emoji2:1.3.0] AndroidManifest.xml:30:17-75
72                android:value="androidx.startup" />
72-->[androidx.emoji2:emoji2:1.3.0] AndroidManifest.xml:31:17-49
73            <meta-data
73-->[androidx.lifecycle:lifecycle-process:2.8.3] AndroidManifest.xml:29:13-31:52
74                android:name="androidx.lifecycle.ProcessLifecycleInitializer"
74-->[androidx.lifecycle:lifecycle-process:2.8.3] AndroidManifest.xml:30:17-78
75                android:value="androidx.startup" />
75-->[androidx.lifecycle:lifecycle-process:2.8.3] AndroidManifest.xml:31:17-49
76            <meta-data
76-->[com.russhwolf:multiplatform-settings-no-arg-android-debug:1.1.1] AndroidManifest.xml:29:13-31:52
77                android:name="com.russhwolf.settings.SettingsInitializer"
77-->[com.russhwolf:multiplatform-settings-no-arg-android-debug:1.1.1] AndroidManifest.xml:30:17-74
78                android:value="androidx.startup" />
78-->[com.russhwolf:multiplatform-settings-no-arg-android-debug:1.1.1] AndroidManifest.xml:31:17-49
79            <meta-data
79-->[androidx.profileinstaller:profileinstaller:1.3.1] AndroidManifest.xml:29:13-31:52
80                android:name="androidx.profileinstaller.ProfileInstallerInitializer"
80-->[androidx.profileinstaller:profileinstaller:1.3.1] AndroidManifest.xml:30:17-85
81                android:value="androidx.startup" />
81-->[androidx.profileinstaller:profileinstaller:1.3.1] AndroidManifest.xml:31:17-49
82        </provider>
83
84        <receiver
84-->[androidx.profileinstaller:profileinstaller:1.3.1] AndroidManifest.xml:34:9-52:20
85            android:name="androidx.profileinstaller.ProfileInstallReceiver"
85-->[androidx.profileinstaller:profileinstaller:1.3.1] AndroidManifest.xml:35:13-76
86            android:directBootAware="false"
86-->[androidx.profileinstaller:profileinstaller:1.3.1] AndroidManifest.xml:36:13-44
87            android:enabled="true"
87-->[androidx.profileinstaller:profileinstaller:1.3.1] AndroidManifest.xml:37:13-35
88            android:exported="true"
88-->[androidx.profileinstaller:profileinstaller:1.3.1] AndroidManifest.xml:38:13-36
89            android:permission="android.permission.DUMP" >
89-->[androidx.profileinstaller:profileinstaller:1.3.1] AndroidManifest.xml:39:13-57
90            <intent-filter>
90-->[androidx.profileinstaller:profileinstaller:1.3.1] AndroidManifest.xml:40:13-42:29
91                <action android:name="androidx.profileinstaller.action.INSTALL_PROFILE" />
91-->[androidx.profileinstaller:profileinstaller:1.3.1] AndroidManifest.xml:41:17-91
91-->[androidx.profileinstaller:profileinstaller:1.3.1] AndroidManifest.xml:41:25-88
92            </intent-filter>
93            <intent-filter>
93-->[androidx.profileinstaller:profileinstaller:1.3.1] AndroidManifest.xml:43:13-45:29
94                <action android:name="androidx.profileinstaller.action.SKIP_FILE" />
94-->[androidx.profileinstaller:profileinstaller:1.3.1] AndroidManifest.xml:44:17-85
94-->[androidx.profileinstaller:profileinstaller:1.3.1] AndroidManifest.xml:44:25-82
95            </intent-filter>
96            <intent-filter>
96-->[androidx.profileinstaller:profileinstaller:1.3.1] AndroidManifest.xml:46:13-48:29
97                <action android:name="androidx.profileinstaller.action.SAVE_PROFILE" />
97-->[androidx.profileinstaller:profileinstaller:1.3.1] AndroidManifest.xml:47:17-88
97-->[androidx.profileinstaller:profileinstaller:1.3.1] AndroidManifest.xml:47:25-85
98            </intent-filter>
99            <intent-filter>
99-->[androidx.profileinstaller:profileinstaller:1.3.1] AndroidManifest.xml:49:13-51:29
100                <action android:name="androidx.profileinstaller.action.BENCHMARK_OPERATION" />
100-->[androidx.profileinstaller:profileinstaller:1.3.1] AndroidManifest.xml:50:17-95
100-->[androidx.profileinstaller:profileinstaller:1.3.1] AndroidManifest.xml:50:25-92
101            </intent-filter>
102        </receiver>
103    </application>
104
105</manifest>